2025-10-19T09:31:49.385371 example: Mw5R7WDp
2025-10-19T09:31:49.385397 example: JdOi83Gc
2025-10-19T09:31:49.385407 example: yUbtlLBb
2025-10-19T09:31:49.385414 example: NOG6rKKs
2025-10-19T09:31:49.385419 example: LDZ4OMeB
2025-10-19T09:31:49.385424 example: CWlWMurd
2025-10-19T09:31:49.385429 example: Mm78Uol9
2025-10-19T09:31:49.385434 example: 4EfSFreS
2025-10-19T09:31:49.385438 example: YcC4owAM
2025-10-19T09:31:49.385443 example: fhnu0GF1
2025-10-19T09:31:49.385448 example: Gz7c4gnb
2025-10-19T09:31:49.385452 example: 3f0GTqlE
2025-10-19T09:31:49.385457 example: VpNWSOTA
2025-10-19T09:31:49.385462 example: nugbcONw
2025-10-19T09:31:49.385466 example: XHar7BI8
2025-10-19T09:31:49.385471 example: PJtY160k
2025-10-19T09:31:49.385475 example: j1963VTG
2025-10-19T09:31:49.385480 example: aIWVJz6z
2025-10-19T09:31:49.385485 example: 1H9gxbjX
2025-10-19T09:31:49.385489 example: PaPjzHS5
2025-10-19T09:31:49.385494 example: txyzkWN6
2025-10-19T09:31:49.385498 example: VX7EDmcT
2025-10-19T09:31:49.385506 example: 15Plprje
2025-10-19T09:31:49.385512 example: YNpodBHz
2025-10-19T09:31:49.385516 example: mgdDOCKO
2025-10-19T09:31:49.385521 example: 1mDFM82Q
2025-10-19T09:31:49.385526 example: yff68lM2
2025-10-19T09:31:49.385530 example: lfH11e3G
2025-10-19T09:31:49.385535 example: 8glukCnS
2025-10-19T09:31:49.385540 example: FXz0msgT
2025-10-19T09:31:49.385544 example: wa82b2k7
2025-10-19T09:31:49.385549 example: 7NZygze4
2025-10-19T09:31:49.385553 example: FZuCQCmI
2025-10-19T09:31:49.385558 example: Gg4awYjA
2025-10-19T09:31:49.385563 example: fMBbFc17
2025-10-19T09:31:49.385567 example: DFABJVCl
2025-10-19T09:31:49.385572 example: uJ44hAen
2025-10-19T09:31:49.385577 example: EWPpPAf9
2025-10-19T09:31:49.385581 example: raYVQ9fw
2025-10-19T09:31:49.385586 example: 3Hh1Bms6
2025-10-19T09:31:49.385591 example: E59EoFU5
2025-10-19T09:31:49.385596 example: ZlWNeFHa
2025-10-19T09:31:49.385601 example: zr1DMMNT
2025-10-19T09:31:49.385605 example: W82KHQFg
2025-10-19T09:31:49.385610 example: IycRTV18
2025-10-19T09:31:49.385614 example: jBronrYV
2025-10-19T09:31:49.385619 example: Cx25c7nE
2025-10-19T09:31:49.385624 example: hVPy4bEl
2025-10-19T09:31:49.385629 example: 3vtWrJY7
2025-10-19T09:31:49.385633 example: 1VCtcGXc
2025-10-19T09:31:49.385638 example: Eiu836eP
2025-10-19T09:31:49.385643 example: OciXAWcr
2025-10-19T09:31:49.385647 example: Z0aknhE5
2025-10-19T09:31:49.385652 example: qISg0zK8
2025-10-19T09:31:49.385656 example: x7hImzJ1
2025-10-19T09:31:49.385661 example: B4hTAMlw
2025-10-19T09:31:49.385666 example: CxiGNhUj
2025-10-19T09:31:49.385671 example: kKhCn4qJ
2025-10-19T09:31:49.385675 example: dMMA9hiG
2025-10-19T09:31:49.385680 example: Wwyw4VoV
2025-10-19T09:31:49.385684 example: zESjr6p2
2025-10-19T09:31:49.385689 example: yBiFHlpP
2025-10-19T09:31:49.385694 example: bVhrNobT
2025-10-19T09:31:49.385698 example: OO46qZdn
2025-10-19T09:31:49.385705 example: gm29WD7H
2025-10-19T09:31:49.385711 example: GMJwfuhn
2025-10-19T09:31:49.385715 example: YdFJMJTW
2025-10-19T09:31:49.385720 example: BH7tw1pC
2025-10-19T09:31:49.385725 example: 0ZEyK1nX
2025-10-19T09:31:49.385729 example: bEQMVznE
2025-10-19T09:31:49.385734 example: yUCZlgDZ
2025-10-19T09:31:49.385738 example: hK2oouuL
2025-10-19T09:31:49.385743 example: xNgKreIz
2025-10-19T09:31:49.385747 example: H0Yclk4Q
2025-10-19T09:31:49.385752 example: WBqlJNlc
2025-10-19T09:31:49.385757 example: OSscKHdW
2025-10-19T09:31:49.385762 example: wPwo3UpR
2025-10-19T09:31:49.385767 example: MRQ4OBzS
2025-10-19T09:31:49.385771 example: lXgEs0gj
2025-10-19T09:31:49.385776 example: lc2XWZhx
2025-10-19T09:31:49.385781 example: PTifSozy
2025-10-19T09:31:49.385785 example: BMuY6R8A
2025-10-19T09:31:49.385790 example: fEOpEbt2
2025-10-19T09:31:49.385795 example: h3yAYqz1
2025-10-19T09:31:49.385799 example: FnlUaNxz
2025-10-19T09:31:49.385804 example: zzYHIR1t
2025-10-19T09:31:49.385808 example: iZDtS7XY
2025-10-19T09:31:49.385813 example: B2WmbZbq
2025-10-19T09:31:49.385818 example: 8Z1A8hhB
2025-10-19T09:31:49.385822 example: LuIdOcQD
2025-10-19T09:31:49.385827 example: 8pyTN3Kk
2025-10-19T09:31:49.385832 example: OhmFww3h
2025-10-19T09:31:49.385836 example: M7nZwwJH
2025-10-19T09:31:49.385862 example: 5QN7BoiZ
2025-10-19T09:31:49.385870 example: FjKvvMWl
2025-10-19T09:31:49.385875 example: 0Snh1vDR
2025-10-19T09:31:49.385879 example: be5PB2Cz
2025-10-19T09:31:49.385884 example: 0TipQII5
2025-10-19T09:31:49.385888 example: BuCn64DQ
2025-10-19T09:31:49.385893 example: euyif3SD
