[2025-10-19T09:51:39.533691] multiline
  DkvP4u6k
  Pr5EBVgi
[2025-10-19T09:51:39.533728] multiline
  moM3fBdu
  xZNUOdqs
[2025-10-19T09:51:39.533742] multiline
  mTdvhpxb
  SbxnhdRc
[2025-10-19T09:51:39.533752] multiline
  drYyxyWt
  MLUSVtKo
[2025-10-19T09:51:39.533762] multiline
  hifeUblq
  9WBPnoSC
[2025-10-19T09:51:39.533770] multiline
  xxuv1OfY
  yAkB0q0g
[2025-10-19T09:51:39.533779] multiline
  icahMRCE
  yZxGlRLV
[2025-10-19T09:51:39.533788] multiline
  qdYEAIyH
  Ck5AnpKa
[2025-10-19T09:51:39.533797] multiline
  sKBXf8yc
  DvRtAtRt
[2025-10-19T09:51:39.533805] multiline
  ZaYmVoDR
  BzOZEGai
[2025-10-19T09:51:39.533819] multiline
  D8ltEt4N
  FGjBuDyp
[2025-10-19T09:51:39.533828] multiline
  qYGBgqlM
  xPzjzHtq
[2025-10-19T09:51:39.533837] multiline
  ej9bGAev
  mkS7oZ0j
[2025-10-19T09:51:39.533849] multiline
  9ZWe0u1E
  vSLB3o3C
[2025-10-19T09:51:39.533858] multiline
  dSt0oOFR
  CRducSX4
[2025-10-19T09:51:39.533867] multiline
  xa1ooSrv
  VYHnuAXF
[2025-10-19T09:51:39.533876] multiline
  pPWsimDb
  FFqStkQx
[2025-10-19T09:51:39.533884] multiline
  ZyCqX08D
  4qNHuClH
[2025-10-19T09:51:39.533893] multiline
  NaoLViLw
  E9KW1QcU
[2025-10-19T09:51:39.533901] multiline
  0GDF8COu
  66kBNvhL
[2025-10-19T09:51:39.533910] multiline
  5bwEcsN1
  sQ9lS95S
[2025-10-19T09:51:39.533919] multiline
  omMABOiT
  pvBJcI8q
[2025-10-19T09:51:39.533927] multiline
  7NkDE1j6
  anQoDenT
[2025-10-19T09:51:39.533936] multiline
  oik5KXie
  ksdXEjOL
[2025-10-19T09:51:39.533945] multiline
  cx0FIaEc
  xyk08OJr
[2025-10-19T09:51:39.533953] multiline
  TkvJ80S1
  Fjt6YKxW
[2025-10-19T09:51:39.533962] multiline
  Xqq9Kx0v
  k4rjnLHg
[2025-10-19T09:51:39.533970] multiline
  cFM94fHF
  9KcSslZM
[2025-10-19T09:51:39.533979] multiline
  Uxh9gQXu
  u96tQ6A2
[2025-10-19T09:51:39.533988] multiline
  5FdeZTmo
  kvWk3EZc
[2025-10-19T09:51:39.533996] multiline
  tfu12Kx1
  8cFjQWhF
[2025-10-19T09:51:39.534005] multiline
  pnu4UdYl
  dzxefjiD
[2025-10-19T09:51:39.534014] multiline
  OURe0YyA
  bhd5XGr2
[2025-10-19T09:51:39.534022] multiline
  msmqlR1p
  YwOsRe2G
[2025-10-19T09:51:39.534039] multiline
  agwbfl9Q
  JNr618Ls
[2025-10-19T09:51:39.534048] multiline
  1nnJfypj
  myNo6Syg
[2025-10-19T09:51:39.534056] multiline
  ka3LO2V9
  mBXGn4Fb
[2025-10-19T09:51:39.534065] multiline
  npXV3OMz
  PoyyclZi
[2025-10-19T09:51:39.534073] multiline
  QXJLOhts
  Y2awld0y
[2025-10-19T09:51:39.534082] multiline
  Whp8FDtH
  d8xnlVxZ
[2025-10-19T09:51:39.534091] multiline
  SkB94x3F
  178HhK62
[2025-10-19T09:51:39.534099] multiline
  nzu100d1
  TWYtpY53
[2025-10-19T09:51:39.534108] multiline
  TrIIre9j
  qu16Lv7v
[2025-10-19T09:51:39.534116] multiline
  0PMf7ZoE
  sXUV21he
[2025-10-19T09:51:39.534125] multiline
  7iFCbLKx
  t5tWXVIt
[2025-10-19T09:51:39.534138] multiline
  spQuWTvr
  ZkYHCPTq
[2025-10-19T09:51:39.534147] multiline
  SmwhPMF7
  689WpwDf
[2025-10-19T09:51:39.534155] multiline
  oaOFadcd
  bEcjqxeT
[2025-10-19T09:51:39.534164] multiline
  1STVJktk
  HkOfN2Ln
[2025-10-19T09:51:39.534172] multiline
  elsrxOVL
  H5UUSft2
[2025-10-19T09:51:39.534181] multiline
  Glxp3KPi
  vbaX1zax
[2025-10-19T09:51:39.534189] multiline
  W7bYKhpw
  mrSk70d1
[2025-10-19T09:51:39.534201] multiline
  4q2UXZR1
  f18FLHHC
[2025-10-19T09:51:39.534210] multiline
  SQLSIjMf
  IhWVELur
[2025-10-19T09:51:39.534219] multiline
  t8W3cZk3
  WswhTK0N
[2025-10-19T09:51:39.534227] multiline
  aH5n5OwD
  M01pHFYU
[2025-10-19T09:51:39.534236] multiline
  OBi8QmLp
  FeNQu3rQ
[2025-10-19T09:51:39.534244] multiline
  7jCfZHsc
  xzYD0JR4
[2025-10-19T09:51:39.534253] multiline
  ZxYpiumH
  jsv6GVGI
[2025-10-19T09:51:39.534262] multiline
  juLDU5ib
  723Pee4I
[2025-10-19T09:51:39.534274] multiline
  0OU0mzvy
  Ja0YZIAy
[2025-10-19T09:51:39.534283] multiline
  IGLdhhVS
  5Z0r6xE8
[2025-10-19T09:51:39.534291] multiline
  ewXrVXr6
  R406GpOZ
[2025-10-19T09:51:39.534300] multiline
  m65Qxdfi
  JL7qLQF7
[2025-10-19T09:51:39.534308] multiline
  6H9sBsZF
  SoRhCcpp
[2025-10-19T09:51:39.534316] multiline
  SIt6r8ph
  tQBjjKxQ
[2025-10-19T09:51:39.534325] multiline
  5ho8UPET
  iutRplEX
[2025-10-19T09:51:39.534333] multiline
  K4pa4rRM
  OImIrkdj
[2025-10-19T09:51:39.534342] multiline
  5lEi3zhM
  NydPU4kj
[2025-10-19T09:51:39.534350] multiline
  smNgkZnr
  1twikcu6
[2025-10-19T09:51:39.534359] multiline
  y1gqonPm
  v5LnLZSo
[2025-10-19T09:51:39.534367] multiline
  RD0044ZP
  4voZznSS
[2025-10-19T09:51:39.534375] multiline
  KeKhkFvV
  MU0tSeHs
[2025-10-19T09:51:39.534384] multiline
  NaT6niD8
  lXDGliMF
[2025-10-19T09:51:39.534392] multiline
  z7hDsZxx
  sOgBrRIG
[2025-10-19T09:51:39.534400] multiline
  lRBalSsy
  I3oYE1Tp
[2025-10-19T09:51:39.534414] multiline
  2gasTQuE
  OmocBMG6
[2025-10-19T09:51:39.534423] multiline
  6e89ayP4
  PHr0sNol
[2025-10-19T09:51:39.534431] multiline
  GQCTBVa0
  feMWWXrg
[2025-10-19T09:51:39.534440] multiline
  OrytVmiT
  f8VLZ1AH
[2025-10-19T09:51:39.534449] multiline
  Q6V6lhpB
  DWpM033o
[2025-10-19T09:51:39.534457] multiline
  1Ad4QO3Q
  YpKJQxsI
[2025-10-19T09:51:39.534466] multiline
  vvaS3D2Y
  Z92ZyBO5
[2025-10-19T09:51:39.534474] multiline
  Xk5RwhgN
  JOg7A5Ed
[2025-10-19T09:51:39.534482] multiline
  zbQNAs2z
  xqxXvPiV
[2025-10-19T09:51:39.534491] multiline
  QYnEbRGm
  TubLxpPp
[2025-10-19T09:51:39.534499] multiline
  17j8e0Eb
  A2KAHNUr
[2025-10-19T09:51:39.534508] multiline
  xlkOqgYL
  bMKAIp37
[2025-10-19T09:51:39.534516] multiline
  DZttFFLH
  iZfHVLNM
[2025-10-19T09:51:39.534524] multiline
  yfCs5P5s
  KiKKT8Dy
[2025-10-19T09:51:39.534533] multiline
  itRhTtVS
  K1Ewe7cD
[2025-10-19T09:51:39.534541] multiline
  bEs410b7
  TQHqbGmq
[2025-10-19T09:51:39.534550] multiline
  RBKViat8
  Lak15uqG
[2025-10-19T09:51:39.534558] multiline
  m1IiCe9C
  f3l8wxpx
[2025-10-19T09:51:39.534567] multiline
  6Pmi0JuQ
  Nuksyyxx
[2025-10-19T09:51:39.534575] multiline
  NgzGpbkt
  lIQ8YmSn
[2025-10-19T09:51:39.534584] multiline
  NYYkZhGB
  z9lo0XIo
[2025-10-19T09:51:39.534592] multiline
  KZz72q5f
  lYlXA39T
[2025-10-19T09:51:39.534601] multiline
  XipaMeQw
  6mRcCiCA
[2025-10-19T09:51:39.534610] multiline
  vZoNf3eO
  x1f9BMNb
